This is XeTeX, Version 3.141592653-2.6-0.999995 (TeX Live 2023) (preloaded format=xelatex 2024.2.15)  11 JAN 2026 18:50
entering extended mode
 restricted \write18 enabled.
 file:line:error style messages enabled.
 %&-line parsing enabled.
**Almagest.tex
(./Almagest.tex
LaTeX2e <2022-11-01> patch level 1
L3 programming layer <2023-02-22>
(/usr/local/texlive/2023/texmf-dist/tex/latex/base/book.cls
Document Class: book 2022/07/02 v1.4n Standard LaTeX document class
(/usr/local/texlive/2023/texmf-dist/tex/latex/base/bk11.clo
File: bk11.clo 2022/07/02 v1.4n Standard LaTeX file (size option)
)
\c@part=\count181
\c@chapter=\count182
\c@section=\count183
\c@subsection=\count184
\c@subsubsection=\count185
\c@paragraph=\count186
\c@subparagraph=\count187
\c@figure=\count188
\c@table=\count189
\abovecaptionskip=\skip48
\belowcaptionskip=\skip49
\bibindent=\dimen140
)
(/usr/local/texlive/2023/texmf-dist/tex/latex/preprint/fullpage.sty
Package: fullpage 1999/02/23 1.1 (PWD)
\FP@margin=\skip50
)
(/usr/local/texlive/2023/texmf-dist/tex/generic/epsf/epsf.sty
This is `epsf.tex' v2.7.4 <14 February 2011>
\epsffilein=\read2
\epsfframemargin=\dimen141
\epsfframethickness=\dimen142
\epsfrsize=\dimen143
\epsftmp=\dimen144
\epsftsize=\dimen145
\epsfxsize=\dimen146
\epsfysize=\dimen147
\pspoints=\dimen148
) (/usr/local/texlive/2023/texmf-dist/tex/latex/graphics/graphicx.sty
Package: graphicx 2021/09/16 v1.2d Enhanced LaTeX Graphics (DPC,SPQR)

(/usr/local/texlive/2023/texmf-dist/tex/latex/graphics/keyval.sty
Package: keyval 2022/05/29 v1.15 key=value parser (DPC)
\KV@toks@=\toks16
)
(/usr/local/texlive/2023/texmf-dist/tex/latex/graphics/graphics.sty
Package: graphics 2022/03/10 v1.4e Standard LaTeX Graphics (DPC,SPQR)

(/usr/local/texlive/2023/texmf-dist/tex/latex/graphics/trig.sty
Package: trig 2021/08/11 v1.11 sin cos tan (DPC)
)
(/usr/local/texlive/2023/texmf-dist/tex/latex/graphics-cfg/graphics.cfg
File: graphics.cfg 2016/06/04 v1.11 sample graphics configuration
)
Package graphics Info: Driver file: xetex.def on input line 107.

(/usr/local/texlive/2023/texmf-dist/tex/latex/graphics-def/xetex.def
File: xetex.def 2022/09/22 v5.0n Graphics/color driver for xetex
))
\Gin@req@height=\dimen149
\Gin@req@width=\dimen150
)
(/usr/local/texlive/2023/texmf-dist/tex/latex/epstopdf-pkg/epstopdf.sty
Package: epstopdf 2020-01-24 v2.11 Conversion with epstopdf on the fly (HO)

(/usr/local/texlive/2023/texmf-dist/tex/generic/infwarerr/infwarerr.sty
Package: infwarerr 2019/12/03 v1.5 Providing info/warning/error messages (HO)
)
(/usr/local/texlive/2023/texmf-dist/tex/latex/grfext/grfext.sty
Package: grfext 2019/12/03 v1.3 Manage graphics extensions (HO)

(/usr/local/texlive/2023/texmf-dist/tex/generic/kvdefinekeys/kvdefinekeys.sty
Package: kvdefinekeys 2019-12-19 v1.6 Define keys (HO)
)) (/usr/local/texlive/2023/texmf-dist/tex/latex/kvoptions/kvoptions.sty
Package: kvoptions 2022-06-15 v3.15 Key value format for package options (HO)

(/usr/local/texlive/2023/texmf-dist/tex/generic/ltxcmds/ltxcmds.sty
Package: ltxcmds 2020-05-10 v1.25 LaTeX kernel commands for general use (HO)
)
(/usr/local/texlive/2023/texmf-dist/tex/latex/kvsetkeys/kvsetkeys.sty
Package: kvsetkeys 2022-10-05 v1.19 Key value parser (HO)
))
(/usr/local/texlive/2023/texmf-dist/tex/generic/pdftexcmds/pdftexcmds.sty
Package: pdftexcmds 2020-06-27 v0.33 Utility functions of pdfTeX for LuaTeX (HO
)

(/usr/local/texlive/2023/texmf-dist/tex/generic/iftex/iftex.sty
Package: iftex 2022/02/03 v1.0f TeX engine tests
)
Package pdftexcmds Info: \pdf@primitive is available.
Package pdftexcmds Info: \pdf@ifprimitive is available.
Package pdftexcmds Info: \pdfdraftmode not found.
)
(/usr/local/texlive/2023/texmf-dist/tex/latex/epstopdf-pkg/epstopdf-base.sty
Package: epstopdf-base 2020-01-24 v2.11 Base part for package epstopdf


Package epstopdf Warning: Drivers other than `pdftex' and `luatex' are not supp
orted.

)) (/usr/local/texlive/2023/texmf-dist/tex/latex/parallel/parallel.sty
Package: parallel 2003/04/13, setting two texts parallel (me)

`parallel': setting two texts parallel, (beta 4) 2003/04/13.
\ParallelLWidth=\dimen151
\ParallelRWidth=\dimen152
\ParallelTextWidth=\dimen153
\ParallelLeftMargin=\dimen154
\ParallelUserMidSkip=\dimen155
\ParallelMainMidSkip=\dimen156
\ParallelLBox=\box51
\ParallelRBox=\box52
\ParallelBoxVar=\box53
\ParallelLTok=\box54
\ParallelRTok=\box55
\ParallelBoolVar=\count190
\ParallelBoolMid=\count191
\ParallelWhichBox=\count192
\ParallelMainMode=\count193
\ParallelFNMode=\count194
\ParallelLFNCounter=\count195
\ParallelRFNCounter=\count196
\ParallelMaxFN=\count197
\ParallelFNNumMode=\count198
)
(/usr/local/texlive/2023/texmf-dist/tex/latex/amsmath/amsmath.sty
Package: amsmath 2022/04/08 v2.17n AMS math features
\@mathmargin=\skip51

For additional information on amsmath, use the `?' option.
(/usr/local/texlive/2023/texmf-dist/tex/latex/amsmath/amstext.sty
Package: amstext 2021/08/26 v2.01 AMS text

(/usr/local/texlive/2023/texmf-dist/tex/latex/amsmath/amsgen.sty
File: amsgen.sty 1999/11/30 v2.0 generic functions
\@emptytoks=\toks17
\ex@=\dimen157
))
(/usr/local/texlive/2023/texmf-dist/tex/latex/amsmath/amsbsy.sty
Package: amsbsy 1999/11/29 v1.2d Bold Symbols
\pmbraise@=\dimen158
)
(/usr/local/texlive/2023/texmf-dist/tex/latex/amsmath/amsopn.sty
Package: amsopn 2022/04/08 v2.04 operator names
)
\inf@bad=\count199
LaTeX Info: Redefining \frac on input line 234.
\uproot@=\count266
\leftroot@=\count267
LaTeX Info: Redefining \overline on input line 399.
LaTeX Info: Redefining \colon on input line 410.
\classnum@=\count268
\DOTSCASE@=\count269
LaTeX Info: Redefining \ldots on input line 496.
LaTeX Info: Redefining \dots on input line 499.
LaTeX Info: Redefining \cdots on input line 620.
\Mathstrutbox@=\box56
\strutbox@=\box57
LaTeX Info: Redefining \big on input line 722.
LaTeX Info: Redefining \Big on input line 723.
LaTeX Info: Redefining \bigg on input line 724.
LaTeX Info: Redefining \Bigg on input line 725.
\big@size=\dimen159
LaTeX Font Info:    Redeclaring font encoding OML on input line 743.
LaTeX Font Info:    Redeclaring font encoding OMS on input line 744.
\macc@depth=\count270
LaTeX Info: Redefining \bmod on input line 905.
LaTeX Info: Redefining \pmod on input line 910.
LaTeX Info: Redefining \smash on input line 940.
LaTeX Info: Redefining \relbar on input line 970.
LaTeX Info: Redefining \Relbar on input line 971.
\c@MaxMatrixCols=\count271
\dotsspace@=\muskip16
\c@parentequation=\count272
\dspbrk@lvl=\count273
\tag@help=\toks18
\row@=\count274
\column@=\count275
\maxfields@=\count276
\andhelp@=\toks19
\eqnshift@=\dimen160
\alignsep@=\dimen161
\tagshift@=\dimen162
\tagwidth@=\dimen163
\totwidth@=\dimen164
\lineht@=\dimen165
\@envbody=\toks20
\multlinegap=\skip52
\multlinetaggap=\skip53
\mathdisplay@stack=\toks21
LaTeX Info: Redefining \[ on input line 2953.
LaTeX Info: Redefining \] on input line 2954.
)
(/usr/local/texlive/2023/texmf-dist/tex/latex/fontspec/fontspec.sty
(/usr/local/texlive/2023/texmf-dist/tex/latex/l3packages/xparse/xparse.sty
(/usr/local/texlive/2023/texmf-dist/tex/latex/l3kernel/expl3.sty
Package: expl3 2023-02-22 L3 programming layer (loader) 

(/usr/local/texlive/2023/texmf-dist/tex/latex/l3backend/l3backend-xetex.def
File: l3backend-xetex.def 2023-01-16 L3 backend support: XeTeX
\g__graphics_track_int=\count277
\l__pdf_internal_box=\box58
\g__pdf_backend_object_int=\count278
\g__pdf_backend_annotation_int=\count279
\g__pdf_backend_link_int=\count280
))
Package: xparse 2023-02-02 L3 Experimental document command parser
)
Package: fontspec 2022/01/15 v2.8a Font selection for XeLaTeX and LuaLaTeX

(/usr/local/texlive/2023/texmf-dist/tex/latex/fontspec/fontspec-xetex.sty
Package: fontspec-xetex 2022/01/15 v2.8a Font selection for XeLaTeX and LuaLaTe
X
\l__fontspec_script_int=\count281
\l__fontspec_language_int=\count282
\l__fontspec_strnum_int=\count283
\l__fontspec_tmp_int=\count284
\l__fontspec_tmpa_int=\count285
\l__fontspec_tmpb_int=\count286
\l__fontspec_tmpc_int=\count287
\l__fontspec_em_int=\count288
\l__fontspec_emdef_int=\count289
\l__fontspec_strong_int=\count290
\l__fontspec_strongdef_int=\count291
\l__fontspec_tmpa_dim=\dimen166
\l__fontspec_tmpb_dim=\dimen167
\l__fontspec_tmpc_dim=\dimen168

(/usr/local/texlive/2023/texmf-dist/tex/latex/base/fontenc.sty
Package: fontenc 2021/04/29 v2.0v Standard LaTeX package
)
(/usr/local/texlive/2023/texmf-dist/tex/latex/fontspec/fontspec.cfg)))

Package fontspec Info: Font family 'TimesNewRoman(0)' created for font 'Times
(fontspec)             New Roman' with options [Ligatures=TeX].
(fontspec)              
(fontspec)              This font family consists of the following NFSS
(fontspec)             series/shapes:
(fontspec)              
(fontspec)             - 'normal' (m/n) with NFSS spec.: <->"Times New
(fontspec)             Roman/OT:script=latn;language=dflt;mapping=tex-text;"
(fontspec)             - 'small caps'  (m/sc) with NFSS spec.: 
(fontspec)             - 'bold' (b/n) with NFSS spec.: <->"Times New
(fontspec)             Roman/B/OT:script=latn;language=dflt;mapping=tex-text;"
(fontspec)             - 'bold small caps'  (b/sc) with NFSS spec.: 
(fontspec)             - 'italic' (m/it) with NFSS spec.: <->"Times New
(fontspec)             Roman/I/OT:script=latn;language=dflt;mapping=tex-text;"
(fontspec)             - 'italic small caps'  (m/scit) with NFSS spec.: 
(fontspec)             - 'bold italic' (b/it) with NFSS spec.: <->"Times New
(fontspec)             Roman/BI/OT:script=latn;language=dflt;mapping=tex-text;"

(fontspec)             - 'bold italic small caps'  (b/scit) with NFSS spec.: 


(/usr/local/texlive/2023/texmf-dist/tex/latex/polyglossia/polyglossia.sty
Package: polyglossia 2023/02/11 v1.60 Modern multilingual typesetting with XeLa
TeX and LuaLaTeX

(/usr/local/texlive/2023/texmf-dist/tex/latex/etoolbox/etoolbox.sty
Package: etoolbox 2020/10/05 v2.5k e-TeX tools for LaTeX (JAW)
\etb@tempcnta=\count292
)
(/usr/local/texlive/2023/texmf-dist/tex/latex/makecmds/makecmds.sty
Package: makecmds 2009/09/03 v1.0a extra command making commands
)
(/usr/local/texlive/2023/texmf-dist/tex/latex/xkeyval/xkeyval.sty
Package: xkeyval 2022/06/16 v2.9 package option processing (HA)

(/usr/local/texlive/2023/texmf-dist/tex/generic/xkeyval/xkeyval.tex
(/usr/local/texlive/2023/texmf-dist/tex/generic/xkeyval/xkvutils.tex
\XKV@toks=\toks22
\XKV@tempa@toks=\toks23
)
\XKV@depth=\count293
File: xkeyval.tex 2014/12/03 v2.7a key=value parser (HA)
))
(/usr/local/texlive/2023/texmf-dist/tex/latex/l3packages/l3keys2e/l3keys2e.sty
Package: l3keys2e 2023-02-02 LaTeX2e option processing using LaTeX3 keys
)
\xpg@normalclass=\XeTeXcharclass1
(/usr/local/texlive/2023/texmf-dist/tex/latex/polyglossia/gloss-latex.lde
Package: gloss-latex 2023/02/11 vv1.60 polyglossia: module for default language

The property list \polyglossia@langsetup contains the pairs (without outer
braces):
>  {latex/script}  =>  {latin}
>  {latex/lcscript}  =>  {latin}
>  {latex/scripttag}  =>  {}
>  {latex/language}  =>  {Latex}
>  {latex/langtag}  =>  {ENG}
>  {latex/bcp47}  =>  {}
>  {latex/hyphennames}  =>  {english}
>  {latex/direction}  =>  {LR}
>  {latex/hyphenmins}  =>  {2,3}
>  {latex/frenchspacing}  =>  {false}
>  {latex/indentfirst}  =>  {false}
>  {latex/fontsetup}  =>  {true}
>  {latex/envname}  =>  {latex}
>  {latex/babelname}  =>  {latex}
>  {latex/localnumeral}  =>  {polyglossia@C@localnumeral}
>  {latex/Localnumeral}  =>  {polyglossia@C@localnumeral}
>  {latex/DefineCommandsCmd}  =>  {use_none:n}.
)
Package polyglossia Info: Default language is latex.
)
(/usr/local/texlive/2023/texmf-dist/tex/latex/polyglossia/gloss-english.ldf
File: gloss-english.ldf polyglossia: module for English
The property list \polyglossia@langsetup contains the pairs (without outer
braces):
>  {latex/script}  =>  {latin}
>  {latex/lcscript}  =>  {latin}
>  {latex/scripttag}  =>  {}
>  {latex/language}  =>  {Latex}
>  {latex/langtag}  =>  {ENG}
>  {latex/bcp47}  =>  {}
>  {latex/hyphennames}  =>  {english}
>  {latex/direction}  =>  {LR}
>  {latex/hyphenmins}  =>  {2,3}
>  {latex/frenchspacing}  =>  {false}
>  {latex/indentfirst}  =>  {false}
>  {latex/fontsetup}  =>  {true}
>  {latex/envname}  =>  {latex}
>  {latex/babelname}  =>  {latex}
>  {latex/localnumeral}  =>  {polyglossia@C@localnumeral}
>  {latex/Localnumeral}  =>  {polyglossia@C@localnumeral}
>  {latex/DefineCommandsCmd}  =>  {use_none:n}
>  {english/script}  =>  {latin}
>  {english/lcscript}  =>  {latin}
>  {english/scripttag}  =>  {}
>  {english/language}  =>  {English}
>  {english/langtag}  =>  {ENG}
>  {english/bcp47}  =>  {en-US}
>  {english/hyphennames}  =>  {english,american,usenglish,USenglish}
>  {english/direction}  =>  {LR}
>  {english/hyphenmins}  =>  {2,3}
>  {english/frenchspacing}  =>  {false}
>  {english/indentfirst}  =>  {false}
>  {english/fontsetup}  =>  {true}
>  {english/envname}  =>  {english}
>  {english/babelname}  =>  {english}
>  {english/localnumeral}  =>  {polyglossia@C@localnumeral}
>  {english/Localnumeral}  =>  {polyglossia@C@localnumeral}
>  {english/DefineCommandsCmd}  =>  {xpg_define_language_commands:e}.
Package polyglossia Info: Option: English, variant=american.
)
Package polyglossia Info: Default language is english.

(/usr/local/texlive/2023/texmf-dist/tex/latex/polyglossia/gloss-greek.ldf
File: gloss-greek.ldf polyglossia: module for Greek
The property list \polyglossia@langsetup contains the pairs (without outer
braces):
>  {latex/script}  =>  {latin}
>  {latex/lcscript}  =>  {latin}
>  {latex/scripttag}  =>  {}
>  {latex/language}  =>  {Latex}
>  {latex/langtag}  =>  {ENG}
>  {latex/bcp47}  =>  {}
>  {latex/hyphennames}  =>  {english}
>  {latex/direction}  =>  {LR}
>  {latex/hyphenmins}  =>  {2,3}
>  {latex/frenchspacing}  =>  {false}
>  {latex/indentfirst}  =>  {false}
>  {latex/fontsetup}  =>  {true}
>  {latex/envname}  =>  {latex}
>  {latex/babelname}  =>  {latex}
>  {latex/localnumeral}  =>  {polyglossia@C@localnumeral}
>  {latex/Localnumeral}  =>  {polyglossia@C@localnumeral}
>  {latex/DefineCommandsCmd}  =>  {use_none:n}
>  {english/script}  =>  {latin}
>  {english/lcscript}  =>  {latin}
>  {english/scripttag}  =>  {}
>  {english/language}  =>  {English}
>  {english/langtag}  =>  {ENG}
>  {english/bcp47}  =>  {en-US}
>  {english/hyphennames}  =>  {english,american,usenglish,USenglish}
>  {english/direction}  =>  {LR}
>  {english/hyphenmins}  =>  {2,3}
>  {english/frenchspacing}  =>  {false}
>  {english/indentfirst}  =>  {false}
>  {english/fontsetup}  =>  {true}
>  {english/envname}  =>  {english}
>  {english/babelname}  =>  {american}
>  {english/localnumeral}  =>  {polyglossia@C@localnumeral}
>  {english/Localnumeral}  =>  {polyglossia@C@localnumeral}
>  {english/DefineCommandsCmd}  =>  {xpg_define_language_commands:e}
>  {greek/script}  =>  {Greek}
>  {greek/lcscript}  =>  {greek}
>  {greek/scripttag}  =>  {grek}
>  {greek/language}  =>  {Greek}
>  {greek/langtag}  =>  {ELL}
>  {greek/bcp47}  =>  {el-monoton}
>  {greek/hyphennames}  =>  {}
>  {greek/direction}  =>  {LR}
>  {greek/hyphenmins}  =>  {2,3}
>  {greek/frenchspacing}  =>  {true}
>  {greek/indentfirst}  =>  {true}
>  {greek/fontsetup}  =>  {true}
>  {greek/envname}  =>  {greek}
>  {greek/babelname}  =>  {greek}
>  {greek/localnumeral}  =>  {greeknumerals}
>  {greek/Localnumeral}  =>  {Greeknumerals}
>  {greek/DefineCommandsCmd}  =>  {xpg_define_language_commands:e}.

(/usr/local/texlive/2023/texmf-dist/tex/latex/polyglossia/xgreek-fixes.def)
Package polyglossia Info: Option: Monotonic Greek.
\@attic@num=\count294
)

Package fontspec Info: Font family 'TimesNewRoman(1)' created for font 'Times
(fontspec)             New Roman' with options [].
(fontspec)              
(fontspec)              This font family consists of the following NFSS
(fontspec)             series/shapes:
(fontspec)              
(fontspec)             - 'normal' (m/n) with NFSS spec.: <->"Times New
(fontspec)             Roman/OT:script=latn;language=dflt;"
(fontspec)             - 'small caps'  (m/sc) with NFSS spec.: 
(fontspec)             - 'bold' (b/n) with NFSS spec.: <->"Times New
(fontspec)             Roman/B/OT:script=latn;language=dflt;"
(fontspec)             - 'bold small caps'  (b/sc) with NFSS spec.: 
(fontspec)             - 'italic' (m/it) with NFSS spec.: <->"Times New
(fontspec)             Roman/I/OT:script=latn;language=dflt;"
(fontspec)             - 'italic small caps'  (m/scit) with NFSS spec.: 
(fontspec)             - 'bold italic' (b/it) with NFSS spec.: <->"Times New
(fontspec)             Roman/BI/OT:script=latn;language=dflt;"
(fontspec)             - 'bold italic small caps'  (b/scit) with NFSS spec.: 


(./Almagest.aux
LaTeX Info: Redefining \rmfamily on input line 3.
LaTeX Info: Redefining \sffamily on input line 3.
LaTeX Info: Redefining \ttfamily on input line 3.
 (./Introduction/Introduction.aux
Package polyglossia Info: Option: Monotonic Greek.
Package polyglossia Info: Option: Monotonic Greek.
Package polyglossia Info: Option: Monotonic Greek.
Package polyglossia Info: Option: Monotonic Greek.
LaTeX Info: Redefining \rmfamily on input line 15.
LaTeX Info: Redefining \sffamily on input line 15.
LaTeX Info: Redefining \ttfamily on input line 15.
Package polyglossia Info: Option: Monotonic Greek.
Package polyglossia Info: Option: Monotonic Greek.
Package polyglossia Info: Option: Monotonic Greek.
Package polyglossia Info: Option: Monotonic Greek.
LaTeX Info: Redefining \rmfamily on input line 27.
LaTeX Info: Redefining \sffamily on input line 27.
LaTeX Info: Redefining \ttfamily on input line 27.
Package polyglossia Info: Option: Monotonic Greek.
Package polyglossia Info: Option: Monotonic Greek.
Package polyglossia Info: Option: Monotonic Greek.
Package polyglossia Info: Option: Monotonic Greek.
LaTeX Info: Redefining \rmfamily on input line 39.
LaTeX Info: Redefining \sffamily on input line 39.
LaTeX Info: Redefining \ttfamily on input line 39.
Package polyglossia Info: Option: Monotonic Greek.
Package polyglossia Info: Option: Monotonic Greek.
Package polyglossia Info: Option: Monotonic Greek.
Package polyglossia Info: Option: Monotonic Greek.
LaTeX Info: Redefining \rmfamily on input line 51.
LaTeX Info: Redefining \sffamily on input line 51.
LaTeX Info: Redefining \ttfamily on input line 51.
Package polyglossia Info: Option: Monotonic Greek.
Package polyglossia Info: Option: Monotonic Greek.
Package polyglossia Info: Option: Monotonic Greek.
Package polyglossia Info: Option: Monotonic Greek.
LaTeX Info: Redefining \rmfamily on input line 63.
LaTeX Info: Redefining \sffamily on input line 63.
LaTeX Info: Redefining \ttfamily on input line 63.
Package polyglossia Info: Option: Monotonic Greek.
Package polyglossia Info: Option: Monotonic Greek.
Package polyglossia Info: Option: Monotonic Greek.
Package polyglossia Info: Option: Monotonic Greek.
LaTeX Info: Redefining \rmfamily on input line 75.
LaTeX Info: Redefining \sffamily on input line 75.
LaTeX Info: Redefining \ttfamily on input line 75.
Package polyglossia Info: Option: Monotonic Greek.
Package polyglossia Info: Option: Monotonic Greek.
Package polyglossia Info: Option: Monotonic Greek.
Package polyglossia Info: Option: Monotonic Greek.
LaTeX Info: Redefining \rmfamily on input line 87.
LaTeX Info: Redefining \sffamily on input line 87.
LaTeX Info: Redefining \ttfamily on input line 87.
Package polyglossia Info: Option: Monotonic Greek.
Package polyglossia Info: Option: Monotonic Greek.
Package polyglossia Info: Option: Monotonic Greek.
Package polyglossia Info: Option: Monotonic Greek.
LaTeX Info: Redefining \rmfamily on input line 99.
LaTeX Info: Redefining \sffamily on input line 99.
LaTeX Info: Redefining \ttfamily on input line 99.
Package polyglossia Info: Option: Monotonic Greek.
Package polyglossia Info: Option: Monotonic Greek.
Package polyglossia Info: Option: Monotonic Greek.
Package polyglossia Info: Option: Monotonic Greek.
LaTeX Info: Redefining \rmfamily on input line 111.
LaTeX Info: Redefining \sffamily on input line 111.
LaTeX Info: Redefining \ttfamily on input line 111.
Package polyglossia Info: Option: Monotonic Greek.
Package polyglossia Info: Option: Monotonic Greek.
Package polyglossia Info: Option: Monotonic Greek.
Package polyglossia Info: Option: Monotonic Greek.
LaTeX Info: Redefining \rmfamily on input line 123.
LaTeX Info: Redefining \sffamily on input line 123.
LaTeX Info: Redefining \ttfamily on input line 123.
Package polyglossia Info: Option: Monotonic Greek.
Package polyglossia Info: Option: Monotonic Greek.
Package polyglossia Info: Option: Monotonic Greek.
Package polyglossia Info: Option: Monotonic Greek.
LaTeX Info: Redefining \rmfamily on input line 135.
LaTeX Info: Redefining \sffamily on input line 135.
LaTeX Info: Redefining \ttfamily on input line 135.
Package polyglossia Info: Option: Monotonic Greek.
Package polyglossia Info: Option: Monotonic Greek.
Package polyglossia Info: Option: Monotonic Greek.
Package polyglossia Info: Option: Monotonic Greek.
LaTeX Info: Redefining \rmfamily on input line 148.
LaTeX Info: Redefining \sffamily on input line 148.
LaTeX Info: Redefining \ttfamily on input line 148.
Package polyglossia Info: Option: Monotonic Greek.
Package polyglossia Info: Option: Monotonic Greek.
Package polyglossia Info: Option: Monotonic Greek.
Package polyglossia Info: Option: Monotonic Greek.
LaTeX Info: Redefining \rmfamily on input line 160.
LaTeX Info: Redefining \sffamily on input line 160.
LaTeX Info: Redefining \ttfamily on input line 160.
Package polyglossia Info: Option: Monotonic Greek.
Package polyglossia Info: Option: Monotonic Greek.
Package polyglossia Info: Option: Monotonic Greek.
Package polyglossia Info: Option: Monotonic Greek.
LaTeX Info: Redefining \rmfamily on input line 172.
LaTeX Info: Redefining \sffamily on input line 172.
LaTeX Info: Redefining \ttfamily on input line 172.
Package polyglossia Info: Option: Monotonic Greek.
Package polyglossia Info: Option: Monotonic Greek.
Package polyglossia Info: Option: Monotonic Greek.
Package polyglossia Info: Option: Monotonic Greek.
LaTeX Info: Redefining \rmfamily on input line 184.
LaTeX Info: Redefining \sffamily on input line 184.
LaTeX Info: Redefining \ttfamily on input line 184.
Package polyglossia Info: Option: Monotonic Greek.
Package polyglossia Info: Option: Monotonic Greek.
Package polyglossia Info: Option: Monotonic Greek.
Package polyglossia Info: Option: Monotonic Greek.
LaTeX Info: Redefining \rmfamily on input line 196.
LaTeX Info: Redefining \sffamily on input line 196.
LaTeX Info: Redefining \ttfamily on input line 196.
Package polyglossia Info: Option: Monotonic Greek.
Package polyglossia Info: Option: Monotonic Greek.
Package polyglossia Info: Option: Monotonic Greek.
Package polyglossia Info: Option: Monotonic Greek.
LaTeX Info: Redefining \rmfamily on input line 208.
LaTeX Info: Redefining \sffamily on input line 208.
LaTeX Info: Redefining \ttfamily on input line 208.
Package polyglossia Info: Option: Monotonic Greek.
Package polyglossia Info: Option: Monotonic Greek.
Package polyglossia Info: Option: Monotonic Greek.
Package polyglossia Info: Option: Monotonic Greek.
LaTeX Info: Redefining \rmfamily on input line 220.
LaTeX Info: Redefining \sffamily on input line 220.
LaTeX Info: Redefining \ttfamily on input line 220.
Package polyglossia Info: Option: Monotonic Greek.
Package polyglossia Info: Option: Monotonic Greek.
Package polyglossia Info: Option: Monotonic Greek.
Package polyglossia Info: Option: Monotonic Greek.
LaTeX Info: Redefining \rmfamily on input line 232.
LaTeX Info: Redefining \sffamily on input line 232.
LaTeX Info: Redefining \ttfamily on input line 232.
Package polyglossia Info: Option: Monotonic Greek.
Package polyglossia Info: Option: Monotonic Greek.
Package polyglossia Info: Option: Monotonic Greek.
Package polyglossia Info: Option: Monotonic Greek.
LaTeX Info: Redefining \rmfamily on input line 244.
LaTeX Info: Redefining \sffamily on input line 244.
LaTeX Info: Redefining \ttfamily on input line 244.
) (./Spherical/Spherical.aux)
(./Julian/Julian.aux) (./Kepler/Kepler.aux) (./Sun/Sun.aux) (./Moon/Moon.aux)
(./Syzygy/Syzygy.aux) (./Superior/Superior.aux) (./Inferior/Inferior.aux)
(./Latitude/Latitude.aux) (./Glossary/Glossary.aux) (./Symbol/Symbol.aux)
(./Bibliography/Bibliography.aux))
\openout1 = `Almagest.aux'.

LaTeX Font Info:    Checking defaults for OML/cmm/m/it on input line 23.
LaTeX Font Info:    ... okay on input line 23.
LaTeX Font Info:    Checking defaults for OMS/cmsy/m/n on input line 23.
LaTeX Font Info:    ... okay on input line 23.
LaTeX Font Info:    Checking defaults for OT1/cmr/m/n on input line 23.
LaTeX Font Info:    ... okay on input line 23.
LaTeX Font Info:    Checking defaults for T1/cmr/m/n on input line 23.
LaTeX Font Info:    ... okay on input line 23.
LaTeX Font Info:    Checking defaults for TS1/cmr/m/n on input line 23.
LaTeX Font Info:    Trying to load font information for TS1+cmr on input line 2
3.

(/usr/local/texlive/2023/texmf-dist/tex/latex/base/ts1cmr.fd
File: ts1cmr.fd 2022/07/10 v2.5l Standard LaTeX font definitions
)
LaTeX Font Info:    ... okay on input line 23.
LaTeX Font Info:    Checking defaults for TU/lmr/m/n on input line 23.
LaTeX Font Info:    ... okay on input line 23.
LaTeX Font Info:    Checking defaults for OMX/cmex/m/n on input line 23.
LaTeX Font Info:    ... okay on input line 23.
LaTeX Font Info:    Checking defaults for U/cmr/m/n on input line 23.
LaTeX Font Info:    ... okay on input line 23.

Package fontspec Info: Adjusting the maths setup (use [no-math] to avoid
(fontspec)             this).

\symlegacymaths=\mathgroup4
LaTeX Font Info:    Overwriting symbol font `legacymaths' in version `bold'
(Font)                  OT1/cmr/m/n --> OT1/cmr/bx/n on input line 23.
LaTeX Font Info:    Redeclaring math accent \acute on input line 23.
LaTeX Font Info:    Redeclaring math accent \grave on input line 23.
LaTeX Font Info:    Redeclaring math accent \ddot on input line 23.
LaTeX Font Info:    Redeclaring math accent \tilde on input line 23.
LaTeX Font Info:    Redeclaring math accent \bar on input line 23.
LaTeX Font Info:    Redeclaring math accent \breve on input line 23.
LaTeX Font Info:    Redeclaring math accent \check on input line 23.
LaTeX Font Info:    Redeclaring math accent \hat on input line 23.
LaTeX Font Info:    Redeclaring math accent \dot on input line 23.
LaTeX Font Info:    Redeclaring math accent \mathring on input line 23.
LaTeX Font Info:    Redeclaring math symbol \Gamma on input line 23.
LaTeX Font Info:    Redeclaring math symbol \Delta on input line 23.
LaTeX Font Info:    Redeclaring math symbol \Theta on input line 23.
LaTeX Font Info:    Redeclaring math symbol \Lambda on input line 23.
LaTeX Font Info:    Redeclaring math symbol \Xi on input line 23.
LaTeX Font Info:    Redeclaring math symbol \Pi on input line 23.
LaTeX Font Info:    Redeclaring math symbol \Sigma on input line 23.
LaTeX Font Info:    Redeclaring math symbol \Upsilon on input line 23.
LaTeX Font Info:    Redeclaring math symbol \Phi on input line 23.
LaTeX Font Info:    Redeclaring math symbol \Psi on input line 23.
LaTeX Font Info:    Redeclaring math symbol \Omega on input line 23.
LaTeX Font Info:    Redeclaring math symbol \mathdollar on input line 23.
LaTeX Font Info:    Redeclaring symbol font `operators' on input line 23.
LaTeX Font Info:    Encoding `OT1' has changed to `TU' for symbol font
(Font)              `operators' in the math version `normal' on input line 23.
LaTeX Font Info:    Overwriting symbol font `operators' in version `normal'
(Font)                  OT1/cmr/m/n --> TU/TimesNewRoman(0)/m/n on input line 2
3.
LaTeX Font Info:    Encoding `OT1' has changed to `TU' for symbol font
(Font)              `operators' in the math version `bold' on input line 23.
LaTeX Font Info:    Overwriting symbol font `operators' in version `bold'
(Font)                  OT1/cmr/bx/n --> TU/TimesNewRoman(0)/m/n on input line 
23.
LaTeX Font Info:    Overwriting symbol font `operators' in version `normal'
(Font)                  TU/TimesNewRoman(0)/m/n --> TU/TimesNewRoman(0)/m/n on 
input line 23.
LaTeX Font Info:    Overwriting math alphabet `\mathit' in version `normal'
(Font)                  OT1/cmr/m/it --> TU/TimesNewRoman(0)/m/it on input line
 23.
LaTeX Font Info:    Overwriting math alphabet `\mathbf' in version `normal'
(Font)                  OT1/cmr/bx/n --> TU/TimesNewRoman(0)/b/n on input line 
23.
LaTeX Font Info:    Overwriting math alphabet `\mathsf' in version `normal'
(Font)                  OT1/cmss/m/n --> TU/lmss/m/n on input line 23.
LaTeX Font Info:    Overwriting math alphabet `\mathtt' in version `normal'
(Font)                  OT1/cmtt/m/n --> TU/lmtt/m/n on input line 23.
LaTeX Font Info:    Overwriting symbol font `operators' in version `bold'
(Font)                  TU/TimesNewRoman(0)/m/n --> TU/TimesNewRoman(0)/b/n on 
input line 23.
LaTeX Font Info:    Overwriting math alphabet `\mathit' in version `bold'
(Font)                  OT1/cmr/bx/it --> TU/TimesNewRoman(0)/b/it on input lin
e 23.
LaTeX Font Info:    Overwriting math alphabet `\mathsf' in version `bold'
(Font)                  OT1/cmss/bx/n --> TU/lmss/b/n on input line 23.
LaTeX Font Info:    Overwriting math alphabet `\mathtt' in version `bold'
(Font)                  OT1/cmtt/m/n --> TU/lmtt/b/n on input line 23.
The property list \__xpg_alias contains the pairs (without outer braces):
>  {latex/target}  =>  {latex}
>  {english/target}  =>  {english}
>  {en/target}  =>  {english}
>  {en-AU/target}  =>  {english}
>  {en-AU/variant}  =>  {australian}
>  {en-AU/options}  =>  {variant=australian}
>  {en-CA/target}  =>  {english}
>  {en-CA/variant}  =>  {canadian}
>  {en-CA/options}  =>  {variant=canadian}
>  {en-GB/target}  =>  {english}
>  {en-GB/variant}  =>  {british}
>  {en-GB/options}  =>  {variant=british}
>  {en-NZ/target}  =>  {english}
>  {en-NZ/variant}  =>  {newzealand}
>  {en-NZ/options}  =>  {variant=newzealand}
>  {en-US/target}  =>  {english}
>  {en-US/variant}  =>  {us}
>  {en-US/options}  =>  {variant=us}
>  {american/target}  =>  {english}
>  {american/variant}  =>  {us}
>  {american/options}  =>  {variant=us}
>  {australian/target}  =>  {english}
>  {australian/variant}  =>  {australian}
>  {australian/options}  =>  {variant=australian}
>  {british/target}  =>  {english}
>  {british/variant}  =>  {british}
>  {british/options}  =>  {variant=british}
>  {canadian/target}  =>  {english}
>  {canadian/variant}  =>  {canadian}
>  {canadian/options}  =>  {variant=canadian}
>  {newzealand/target}  =>  {english}
>  {newzealand/variant}  =>  {newzealand}
>  {newzealand/options}  =>  {variant=newzealand}
>  {greek/target}  =>  {greek}
>  {grc/target}  =>  {greek}
>  {grc/variant}  =>  {ancient}
>  {grc/options}  =>  {variant=ancient}
>  {el-polyton/target}  =>  {greek}
>  {el-polyton/options}  =>  {varant=polytonic}
>  {el-monoton/target}  =>  {greek}
>  {el-monoton/variant}  =>  {monotonic}
>  {el-monoton/options}  =>  {variant=monotonic}
>  {el/target}  =>  {greek}
>  {polutonikogreek/target}  =>  {greek}
>  {polutonikogreek/variant}  =>  {polytonic}
>  {polutonikogreek/options}  =>  {variant=polytonic}.
LaTeX Info: Redefining \rmfamily on input line 23.
LaTeX Info: Redefining \sffamily on input line 23.
LaTeX Info: Redefining \ttfamily on input line 23.
 [1


]
\openout2 = `Introduction/Introduction.aux'.


(./Introduction/Introduction.tex [2


]
Chapter 1.
LaTeX Info: Redefining \rmfamily on input line 7.
LaTeX Info: Redefining \sffamily on input line 7.
LaTeX Info: Redefining \ttfamily on input line 7.
LaTeX Info: Redefining \rmfamily on input line 7.
LaTeX Info: Redefining \sffamily on input line 7.
LaTeX Info: Redefining \ttfamily on input line 7.
LaTeX Info: Redefining \rmfamily on input line 11.
LaTeX Info: Redefining \sffamily on input line 11.
LaTeX Info: Redefining \ttfamily on input line 11.
LaTeX Info: Redefining \rmfamily on input line 11.
LaTeX Info: Redefining \sffamily on input line 11.
LaTeX Info: Redefining \ttfamily on input line 11.
LaTeX Info: Redefining \rmfamily on input line 20.
LaTeX Info: Redefining \sffamily on input line 20.
LaTeX Info: Redefining \ttfamily on input line 20.
LaTeX Info: Redefining \rmfamily on input line 20.
LaTeX Info: Redefining \sffamily on input line 20.
LaTeX Info: Redefining \ttfamily on input line 20.
LaTeX Info: Redefining \rmfamily on input line 20.
LaTeX Info: Redefining \sffamily on input line 20.
LaTeX Info: Redefining \ttfamily on input line 20.
LaTeX Info: Redefining \rmfamily on input line 20.
LaTeX Info: Redefining \sffamily on input line 20.
LaTeX Info: Redefining \ttfamily on input line 20.
LaTeX Info: Redefining \rmfamily on input line 22.
LaTeX Info: Redefining \sffamily on input line 22.
LaTeX Info: Redefining \ttfamily on input line 22.
LaTeX Info: Redefining \rmfamily on input line 26.
LaTeX Info: Redefining \sffamily on input line 26.
LaTeX Info: Redefining \ttfamily on input line 26.
LaTeX Info: Redefining \rmfamily on input line 27.
LaTeX Info: Redefining \sffamily on input line 27.
LaTeX Info: Redefining \ttfamily on input line 27.
[3]
LaTeX Info: Redefining \rmfamily on input line 53.
LaTeX Info: Redefining \sffamily on input line 53.
LaTeX Info: Redefining \ttfamily on input line 53.
LaTeX Info: Redefining \rmfamily on input line 53.
LaTeX Info: Redefining \sffamily on input line 53.
LaTeX Info: Redefining \ttfamily on input line 53.
LaTeX Info: Redefining \rmfamily on input line 62.
LaTeX Info: Redefining \sffamily on input line 62.
LaTeX Info: Redefining \ttfamily on input line 62.
LaTeX Info: Redefining \rmfamily on input line 62.
LaTeX Info: Redefining \sffamily on input line 62.
LaTeX Info: Redefining \ttfamily on input line 62.
LaTeX Info: Redefining \rmfamily on input line 62.
LaTeX Info: Redefining \sffamily on input line 62.
LaTeX Info: Redefining \ttfamily on input line 62.
LaTeX Info: Redefining \rmfamily on input line 63.
LaTeX Info: Redefining \sffamily on input line 63.
LaTeX Info: Redefining \ttfamily on input line 63.
LaTeX Info: Redefining \rmfamily on input line 64.
LaTeX Info: Redefining \sffamily on input line 64.
LaTeX Info: Redefining \ttfamily on input line 64.
 [4]
LaTeX Info: Redefining \rmfamily on input line 128.
LaTeX Info: Redefining \sffamily on input line 128.
LaTeX Info: Redefining \ttfamily on input line 128.
LaTeX Info: Redefining \rmfamily on input line 129.
LaTeX Info: Redefining \sffamily on input line 129.
LaTeX Info: Redefining \ttfamily on input line 129.
File: epsfiles/sun.eps Graphic file (type eps)
<epsfiles/sun.eps>

Underfull \vbox (badness 1152) has occurred while \output is active []

 [5]
Underfull \vbox (badness 2875) has occurred while \output is active []

 [6]
Underfull \vbox (badness 3895) has occurred while \output is active []

 [7]
[8]
File: epsfiles/fig1.2x.eps Graphic file (type eps)
<epsfiles/fig1.2x.eps>
 [9]) [10]
\openout2 = `Spherical/Spherical.aux'.

 (./Spherical/Spherical.tex
Chapter 2.
File: epsfiles/sphere1.eps Graphic file (type eps)
<epsfiles/sphere1.eps>
[11




]
File: epsfiles/sphere2.eps Graphic file (type eps)
<epsfiles/sphere2.eps>
 [12]
File: epsfiles/sphere3.eps Graphic file (type eps)
<epsfiles/sphere3.eps>
 [13]
File: epsfiles/sphere4.eps Graphic file (type eps)
<epsfiles/sphere4.eps>

Underfull \vbox (badness 2486) has occurred while \output is active []

 [14]
[15]
File: epsfiles/sphere5.eps Graphic file (type eps)
<epsfiles/sphere5.eps>
File: epsfiles/sphere6.eps Graphic file (type eps)
<epsfiles/sphere6.eps>
File: epsfiles/sphere8.eps Graphic file (type eps)
<epsfiles/sphere8.eps>
 [16] [17]
File: epsfiles/sphere9.eps Graphic file (type eps)
<epsfiles/sphere9.eps>
 [18] [19]
File: epsfiles/sphere7.eps Graphic file (type eps)
<epsfiles/sphere7.eps>
 [20]
File: epsfiles/sphere10.eps Graphic file (type eps)
<epsfiles/sphere10.eps>
 [21] [22] [23]
Underfull \vbox (badness 1990) has occurred while \output is active []

 [24]
[25]
File: epsfiles/altitude1.eps Graphic file (type eps)
<epsfiles/altitude1.eps>
File: epsfiles/altitude2.eps Graphic file (type eps)
<epsfiles/altitude2.eps>
 [26] [27] [28] [29]
File: epsfiles/ecliptic2.eps Graphic file (type eps)
<epsfiles/ecliptic2.eps>
 [30]
File: epsfiles/ecliptic1.eps Graphic file (type eps)
<epsfiles/ecliptic1.eps>
 [31] [32] [33] [34] [35] [36] [37] [38] [39]
[40] [41] [42] [43] [44] [45] [46] [47] [48]
Overfull \vbox (292.41997pt too high) detected at line 1745
 []


Overfull \vbox (286.41997pt too high) detected at line 1745
 []


Overfull \vbox (304.41997pt too high) detected at line 1861
 []


Overfull \vbox (298.41997pt too high) detected at line 1861
 []


LaTeX Warning: Float too large for page by 10.02263pt on input line 1863.


Overfull \vbox (304.41997pt too high) detected at line 1977
 []


Overfull \vbox (298.41997pt too high) detected at line 1977
 []


LaTeX Warning: Float too large for page by 10.02263pt on input line 1979.


Overfull \vbox (304.41997pt too high) detected at line 2093
 []


Overfull \vbox (298.41997pt too high) detected at line 2093
 []


LaTeX Warning: Float too large for page by 10.02263pt on input line 2095.


Overfull \vbox (304.41997pt too high) detected at line 2209
 []


Overfull \vbox (298.41997pt too high) detected at line 2209
 []


LaTeX Warning: Float too large for page by 10.02263pt on input line 2211.


Overfull \vbox (304.41997pt too high) detected at line 2325
 []


Overfull \vbox (298.41997pt too high) detected at line 2325
 []


LaTeX Warning: Float too large for page by 10.02263pt on input line 2327.


Overfull \vbox (304.41997pt too high) detected at line 2441
 []


Overfull \vbox (298.41997pt too high) detected at line 2441
 []


LaTeX Warning: Float too large for page by 10.02263pt on input line 2443.


Overfull \vbox (274.41997pt too high) detected at line 2548
 []


Overfull \vbox (274.41997pt too high) detected at line 2548
 []


Overfull \vbox (268.41997pt too high) detected at line 2652
 []


Overfull \vbox (262.41997pt too high) detected at line 2652
 []

) [49] [50] [51] [52] [53] [54] [55] [56] [57]
The property list \polyglossia@langsetup contains the pairs (without outer
braces):
>  {latex/script}  =>  {latin}
>  {latex/lcscript}  =>  {latin}
>  {latex/scripttag}  =>  {}
>  {latex/language}  =>  {Latex}
>  {latex/langtag}  =>  {ENG}
>  {latex/bcp47}  =>  {}
>  {latex/hyphennames}  =>  {english}
>  {latex/direction}  =>  {LR}
>  {latex/hyphenmins}  =>  {2,3}
>  {latex/frenchspacing}  =>  {false}
>  {latex/indentfirst}  =>  {false}
>  {latex/fontsetup}  =>  {true}
>  {latex/envname}  =>  {latex}
>  {latex/babelname}  =>  {latex}
>  {latex/localnumeral}  =>  {polyglossia@C@localnumeral}
>  {latex/Localnumeral}  =>  {polyglossia@C@localnumeral}
>  {latex/DefineCommandsCmd}  =>  {use_none:n}
>  {english/script}  =>  {latin}
>  {english/lcscript}  =>  {latin}
>  {english/scripttag}  =>  {}
>  {english/language}  =>  {English}
>  {english/langtag}  =>  {ENG}
>  {english/bcp47}  =>  {en-US}
>  {english/hyphennames}  =>  {english,american,usenglish,USenglish}
>  {english/direction}  =>  {LR}
>  {english/hyphenmins}  =>  {2,3}
>  {english/frenchspacing}  =>  {false}
>  {english/indentfirst}  =>  {false}
>  {english/fontsetup}  =>  {true}
>  {english/envname}  =>  {english}
>  {english/babelname}  =>  {american}
>  {english/localnumeral}  =>  {polyglossia@C@localnumeral}
>  {english/Localnumeral}  =>  {polyglossia@C@localnumeral}
>  {english/DefineCommandsCmd}  =>  {xpg_define_language_commands:e}
>  {greek/script}  =>  {Greek}
>  {greek/lcscript}  =>  {greek}
>  {greek/scripttag}  =>  {grek}
>  {greek/language}  =>  {Greek}
>  {greek/langtag}  =>  {ELL}
>  {greek/bcp47}  =>  {el-monoton}
>  {greek/hyphennames}  =>  {}
>  {greek/direction}  =>  {LR}
>  {greek/hyphenmins}  =>  {2,3}
>  {greek/frenchspacing}  =>  {true}
>  {greek/indentfirst}  =>  {true}
>  {greek/fontsetup}  =>  {true}
>  {greek/envname}  =>  {greek}
>  {greek/babelname}  =>  {greek}
>  {greek/localnumeral}  =>  {greeknumerals}
>  {greek/Localnumeral}  =>  {Greeknumerals}
>  {greek/DefineCommandsCmd}  =>  {xpg_define_language_commands:e}.
The property list \__xpg_alias contains the pairs (without outer braces):
>  {latex/target}  =>  {latex}
>  {english/target}  =>  {english}
>  {en/target}  =>  {english}
>  {en-AU/target}  =>  {english}
>  {en-AU/variant}  =>  {australian}
>  {en-AU/options}  =>  {variant=australian}
>  {en-CA/target}  =>  {english}
>  {en-CA/variant}  =>  {canadian}
>  {en-CA/options}  =>  {variant=canadian}
>  {en-GB/target}  =>  {english}
>  {en-GB/variant}  =>  {british}
>  {en-GB/options}  =>  {variant=british}
>  {en-NZ/target}  =>  {english}
>  {en-NZ/variant}  =>  {newzealand}
>  {en-NZ/options}  =>  {variant=newzealand}
>  {en-US/target}  =>  {english}
>  {en-US/variant}  =>  {us}
>  {en-US/options}  =>  {variant=us}
>  {american/target}  =>  {english}
>  {american/variant}  =>  {us}
>  {american/options}  =>  {variant=us}
>  {australian/target}  =>  {english}
>  {australian/variant}  =>  {australian}
>  {australian/options}  =>  {variant=australian}
>  {british/target}  =>  {english}
>  {british/variant}  =>  {british}
>  {british/options}  =>  {variant=british}
>  {canadian/target}  =>  {english}
>  {canadian/variant}  =>  {canadian}
>  {canadian/options}  =>  {variant=canadian}
>  {newzealand/target}  =>  {english}
>  {newzealand/variant}  =>  {newzealand}
>  {newzealand/options}  =>  {variant=newzealand}
>  {greek/target}  =>  {greek}
>  {grc/target}  =>  {greek}
>  {grc/variant}  =>  {ancient}
>  {grc/options}  =>  {variant=ancient}
>  {el-polyton/target}  =>  {greek}
>  {el-polyton/options}  =>  {varant=polytonic}
>  {el-monoton/target}  =>  {greek}
>  {el-monoton/variant}  =>  {monotonic}
>  {el-monoton/options}  =>  {variant=monotonic}
>  {el/target}  =>  {greek}
>  {polutonikogreek/target}  =>  {greek}
>  {polutonikogreek/variant}  =>  {polytonic}
>  {polutonikogreek/options}  =>  {variant=polytonic}.
 (./Almagest.aux
LaTeX Info: Redefining \rmfamily on input line 3.
LaTeX Info: Redefining \sffamily on input line 3.
LaTeX Info: Redefining \ttfamily on input line 3.

(./Introduction/Introduction.aux
Package polyglossia Info: Option: Monotonic Greek.
Package polyglossia Info: Option: Monotonic Greek.
Package polyglossia Info: Option: Monotonic Greek.
Package polyglossia Info: Option: Monotonic Greek.
LaTeX Info: Redefining \rmfamily on input line 15.
LaTeX Info: Redefining \sffamily on input line 15.
LaTeX Info: Redefining \ttfamily on input line 15.
Package polyglossia Info: Option: Monotonic Greek.
Package polyglossia Info: Option: Monotonic Greek.
Package polyglossia Info: Option: Monotonic Greek.
Package polyglossia Info: Option: Monotonic Greek.
LaTeX Info: Redefining \rmfamily on input line 27.
LaTeX Info: Redefining \sffamily on input line 27.
LaTeX Info: Redefining \ttfamily on input line 27.
Package polyglossia Info: Option: Monotonic Greek.
Package polyglossia Info: Option: Monotonic Greek.
Package polyglossia Info: Option: Monotonic Greek.
Package polyglossia Info: Option: Monotonic Greek.
LaTeX Info: Redefining \rmfamily on input line 39.
LaTeX Info: Redefining \sffamily on input line 39.
LaTeX Info: Redefining \ttfamily on input line 39.
Package polyglossia Info: Option: Monotonic Greek.
Package polyglossia Info: Option: Monotonic Greek.
Package polyglossia Info: Option: Monotonic Greek.
Package polyglossia Info: Option: Monotonic Greek.
LaTeX Info: Redefining \rmfamily on input line 51.
LaTeX Info: Redefining \sffamily on input line 51.
LaTeX Info: Redefining \ttfamily on input line 51.
Package polyglossia Info: Option: Monotonic Greek.
Package polyglossia Info: Option: Monotonic Greek.
Package polyglossia Info: Option: Monotonic Greek.
Package polyglossia Info: Option: Monotonic Greek.
LaTeX Info: Redefining \rmfamily on input line 63.
LaTeX Info: Redefining \sffamily on input line 63.
LaTeX Info: Redefining \ttfamily on input line 63.
Package polyglossia Info: Option: Monotonic Greek.
Package polyglossia Info: Option: Monotonic Greek.
Package polyglossia Info: Option: Monotonic Greek.
Package polyglossia Info: Option: Monotonic Greek.
LaTeX Info: Redefining \rmfamily on input line 75.
LaTeX Info: Redefining \sffamily on input line 75.
LaTeX Info: Redefining \ttfamily on input line 75.
Package polyglossia Info: Option: Monotonic Greek.
Package polyglossia Info: Option: Monotonic Greek.
Package polyglossia Info: Option: Monotonic Greek.
Package polyglossia Info: Option: Monotonic Greek.
LaTeX Info: Redefining \rmfamily on input line 87.
LaTeX Info: Redefining \sffamily on input line 87.
LaTeX Info: Redefining \ttfamily on input line 87.
Package polyglossia Info: Option: Monotonic Greek.
Package polyglossia Info: Option: Monotonic Greek.
Package polyglossia Info: Option: Monotonic Greek.
Package polyglossia Info: Option: Monotonic Greek.
LaTeX Info: Redefining \rmfamily on input line 99.
LaTeX Info: Redefining \sffamily on input line 99.
LaTeX Info: Redefining \ttfamily on input line 99.
Package polyglossia Info: Option: Monotonic Greek.
Package polyglossia Info: Option: Monotonic Greek.
Package polyglossia Info: Option: Monotonic Greek.
Package polyglossia Info: Option: Monotonic Greek.
LaTeX Info: Redefining \rmfamily on input line 111.
LaTeX Info: Redefining \sffamily on input line 111.
LaTeX Info: Redefining \ttfamily on input line 111.
Package polyglossia Info: Option: Monotonic Greek.
Package polyglossia Info: Option: Monotonic Greek.
Package polyglossia Info: Option: Monotonic Greek.
Package polyglossia Info: Option: Monotonic Greek.
LaTeX Info: Redefining \rmfamily on input line 123.
LaTeX Info: Redefining \sffamily on input line 123.
LaTeX Info: Redefining \ttfamily on input line 123.
Package polyglossia Info: Option: Monotonic Greek.
Package polyglossia Info: Option: Monotonic Greek.
Package polyglossia Info: Option: Monotonic Greek.
Package polyglossia Info: Option: Monotonic Greek.
LaTeX Info: Redefining \rmfamily on input line 135.
LaTeX Info: Redefining \sffamily on input line 135.
LaTeX Info: Redefining \ttfamily on input line 135.
Package polyglossia Info: Option: Monotonic Greek.
Package polyglossia Info: Option: Monotonic Greek.
Package polyglossia Info: Option: Monotonic Greek.
Package polyglossia Info: Option: Monotonic Greek.
LaTeX Info: Redefining \rmfamily on input line 148.
LaTeX Info: Redefining \sffamily on input line 148.
LaTeX Info: Redefining \ttfamily on input line 148.
Package polyglossia Info: Option: Monotonic Greek.
Package polyglossia Info: Option: Monotonic Greek.
Package polyglossia Info: Option: Monotonic Greek.
Package polyglossia Info: Option: Monotonic Greek.
LaTeX Info: Redefining \rmfamily on input line 160.
LaTeX Info: Redefining \sffamily on input line 160.
LaTeX Info: Redefining \ttfamily on input line 160.
Package polyglossia Info: Option: Monotonic Greek.
Package polyglossia Info: Option: Monotonic Greek.
Package polyglossia Info: Option: Monotonic Greek.
Package polyglossia Info: Option: Monotonic Greek.
LaTeX Info: Redefining \rmfamily on input line 172.
LaTeX Info: Redefining \sffamily on input line 172.
LaTeX Info: Redefining \ttfamily on input line 172.
Package polyglossia Info: Option: Monotonic Greek.
Package polyglossia Info: Option: Monotonic Greek.
Package polyglossia Info: Option: Monotonic Greek.
Package polyglossia Info: Option: Monotonic Greek.
LaTeX Info: Redefining \rmfamily on input line 184.
LaTeX Info: Redefining \sffamily on input line 184.
LaTeX Info: Redefining \ttfamily on input line 184.
Package polyglossia Info: Option: Monotonic Greek.
Package polyglossia Info: Option: Monotonic Greek.
Package polyglossia Info: Option: Monotonic Greek.
Package polyglossia Info: Option: Monotonic Greek.
LaTeX Info: Redefining \rmfamily on input line 196.
LaTeX Info: Redefining \sffamily on input line 196.
LaTeX Info: Redefining \ttfamily on input line 196.
Package polyglossia Info: Option: Monotonic Greek.
Package polyglossia Info: Option: Monotonic Greek.
Package polyglossia Info: Option: Monotonic Greek.
Package polyglossia Info: Option: Monotonic Greek.
LaTeX Info: Redefining \rmfamily on input line 208.
LaTeX Info: Redefining \sffamily on input line 208.
LaTeX Info: Redefining \ttfamily on input line 208.
Package polyglossia Info: Option: Monotonic Greek.
Package polyglossia Info: Option: Monotonic Greek.
Package polyglossia Info: Option: Monotonic Greek.
Package polyglossia Info: Option: Monotonic Greek.
LaTeX Info: Redefining \rmfamily on input line 220.
LaTeX Info: Redefining \sffamily on input line 220.
LaTeX Info: Redefining \ttfamily on input line 220.
Package polyglossia Info: Option: Monotonic Greek.
Package polyglossia Info: Option: Monotonic Greek.
Package polyglossia Info: Option: Monotonic Greek.
Package polyglossia Info: Option: Monotonic Greek.
LaTeX Info: Redefining \rmfamily on input line 232.
LaTeX Info: Redefining \sffamily on input line 232.
LaTeX Info: Redefining \ttfamily on input line 232.
Package polyglossia Info: Option: Monotonic Greek.
Package polyglossia Info: Option: Monotonic Greek.
Package polyglossia Info: Option: Monotonic Greek.
Package polyglossia Info: Option: Monotonic Greek.
LaTeX Info: Redefining \rmfamily on input line 244.
LaTeX Info: Redefining \sffamily on input line 244.
LaTeX Info: Redefining \ttfamily on input line 244.
) (./Spherical/Spherical.aux)
(./Julian/Julian.aux) (./Kepler/Kepler.aux) (./Sun/Sun.aux) (./Moon/Moon.aux)
(./Syzygy/Syzygy.aux) (./Superior/Superior.aux) (./Inferior/Inferior.aux)
(./Latitude/Latitude.aux) (./Glossary/Glossary.aux) (./Symbol/Symbol.aux)
(./Bibliography/Bibliography.aux)) ) 
Here is how much of TeX's memory you used:
 7088 strings out of 476683
 177958 string characters out of 5804047
 2211018 words of memory out of 5000000
 27109 multiletter control sequences out of 15000+600000
 518724 words of font info for 91 fonts, out of 8000000 for 9000
 1348 hyphenation exceptions out of 8191
 72i,11n,77p,561b,470s stack positions out of 10000i,1000n,20000p,200000b,200000s

Output written on Almagest.pdf (57 pages).
